<?xml version="1.0" encoding="UTF-8"?>
<testng-results ignored="0" total="1" passed="1" failed="0" skipped="0">
  <reporter-output>
    <line>
      <![CDATA[Welcome to testing ]]>
    </line>
  </reporter-output>
  <suite started-at="2023-01-13T12:16:34 IST" name="Default suite" finished-at="2023-01-13T12:16:34 IST" duration-ms="68">
    <groups>
    </groups>
    <test started-at="2023-01-13T12:16:34 IST" name="Default test" finished-at="2023-01-13T12:16:34 IST" duration-ms="68">
      <class name="qsp.Demo1">
        <test-method signature="testDemo()[pri:0, instance:qsp.Demo1@61230f6a]" started-at="2023-01-13T12:16:34 IST" name="testDemo" finished-at="2023-01-13T12:16:34 IST" duration-ms="18" status="PASS">
          <reporter-output>
            <line>
              <![CDATA[Welcome to testing ]]>
            </line>
          </reporter-output>
        </test-method> <!-- testDemo -->
      </class> <!-- qsp.Demo1 -->
    </test> <!-- Default test -->
  </suite> <!-- Default suite -->
</testng-results>
